This is pdfTeX, Version 3.1415926-2.3-1.40.12 (TeX Live 2011) (format=latex 2011.7.28)  30 JUL 2011 13:37
entering extended mode
 restricted \write18 enabled.
 Source specials enabled.
 file:line:error style messages enabled.
 %&-line parsing enabled.
**sorular1.tex
(./sorular1.tex
LaTeX2e <2009/09/24>
Babel <v3.8l> and hyphenation patterns for english, dumylang, nohyphenation, ge
rman-x-2009-06-19, ngerman-x-2009-06-19, basque, catalan, czech, dutch, ukengli
sh, usenglishmax, french, galician, german, ngerman, swissgerman, italian, poli
sh, portuguese, slovak, spanish, turkish, loaded.
(/home/ofenerci/local/texlive/2009/texmf-dist/tex/latex/IEEEtran/IEEEtran.cls
Document Class: IEEEtran 2007/03/05 V1.7a by Michael Shell
-- See the "IEEEtran_HOWTO" manual for usage information.
-- http://www.michaelshell.org/tex/ieeetran/
\@IEEEtrantmpdimenA=\dimen102
\@IEEEtrantmpdimenB=\dimen103
\@IEEEtrantmpcountA=\count79
\@IEEEtrantmpcountB=\count80
\@IEEEtrantmptoksA=\toks14
LaTeX Font Info:    Try loading font information for OT1+ptm on input line 366.

(/home/ofenerci/local/texlive/2009/texmf-dist/tex/latex/psnfss/ot1ptm.fd
File: ot1ptm.fd 2001/06/04 font definitions for OT1/ptm.
)
-- Using 8.5in x 11in (letter) paper.
-- Using DVI output.
\@IEEEnormalsizeunitybaselineskip=\dimen104
-- This is a 12 point document.
\CLASSINFOnormalsizebaselineskip=\dimen105
\CLASSINFOnormalsizeunitybaselineskip=\dimen106
\IEEEnormaljot=\dimen107
LaTeX Font Info:    Font shape `OT1/ptm/bx/n' in size <6> not available
(Font)              Font shape `OT1/ptm/b/n' tried instead on input line 724.
LaTeX Font Info:    Font shape `OT1/ptm/bx/it' in size <6> not available
(Font)              Font shape `OT1/ptm/b/it' tried instead on input line 724.
LaTeX Font Info:    Font shape `OT1/ptm/bx/n' in size <8> not available
(Font)              Font shape `OT1/ptm/b/n' tried instead on input line 724.
LaTeX Font Info:    Font shape `OT1/ptm/bx/it' in size <8> not available
(Font)              Font shape `OT1/ptm/b/it' tried instead on input line 724.
LaTeX Font Info:    Font shape `OT1/ptm/bx/n' in size <9> not available
(Font)              Font shape `OT1/ptm/b/n' tried instead on input line 724.
LaTeX Font Info:    Font shape `OT1/ptm/bx/it' in size <9> not available
(Font)              Font shape `OT1/ptm/b/it' tried instead on input line 724.
LaTeX Font Info:    Font shape `OT1/ptm/bx/n' in size <10> not available
(Font)              Font shape `OT1/ptm/b/n' tried instead on input line 724.
LaTeX Font Info:    Font shape `OT1/ptm/bx/it' in size <10> not available
(Font)              Font shape `OT1/ptm/b/it' tried instead on input line 724.
LaTeX Font Info:    Font shape `OT1/ptm/bx/n' in size <12> not available
(Font)              Font shape `OT1/ptm/b/n' tried instead on input line 724.
LaTeX Font Info:    Font shape `OT1/ptm/bx/it' in size <12> not available
(Font)              Font shape `OT1/ptm/b/it' tried instead on input line 724.
LaTeX Font Info:    Font shape `OT1/ptm/bx/n' in size <14> not available
(Font)              Font shape `OT1/ptm/b/n' tried instead on input line 724.
LaTeX Font Info:    Font shape `OT1/ptm/bx/it' in size <14> not available
(Font)              Font shape `OT1/ptm/b/it' tried instead on input line 724.
LaTeX Font Info:    Font shape `OT1/ptm/bx/n' in size <20> not available
(Font)              Font shape `OT1/ptm/b/n' tried instead on input line 724.
LaTeX Font Info:    Font shape `OT1/ptm/bx/it' in size <20> not available
(Font)              Font shape `OT1/ptm/b/it' tried instead on input line 724.
LaTeX Font Info:    Font shape `OT1/ptm/bx/n' in size <22> not available
(Font)              Font shape `OT1/ptm/b/n' tried instead on input line 724.
LaTeX Font Info:    Font shape `OT1/ptm/bx/it' in size <22> not available
(Font)              Font shape `OT1/ptm/b/it' tried instead on input line 724.
LaTeX Font Info:    Font shape `OT1/ptm/bx/n' in size <24> not available
(Font)              Font shape `OT1/ptm/b/n' tried instead on input line 724.
LaTeX Font Info:    Font shape `OT1/ptm/bx/it' in size <24> not available
(Font)              Font shape `OT1/ptm/b/it' tried instead on input line 724.
\IEEEilabelindentA=\dimen108
\IEEEilabelindentB=\dimen109
\IEEEilabelindent=\dimen110
\IEEEelabelindent=\dimen111
\IEEEdlabelindent=\dimen112
\IEEElabelindent=\dimen113
\IEEEiednormlabelsep=\dimen114
\IEEEiedmathlabelsep=\dimen115
\IEEEiedtopsep=\skip41
\c@section=\count81
\c@subsection=\count82
\c@subsubsection=\count83
\c@paragraph=\count84
\c@IEEEsubequation=\count85
\abovecaptionskip=\skip42
\belowcaptionskip=\skip43
\c@figure=\count86
\c@table=\count87
\@IEEEeqnnumcols=\count88
\@IEEEeqncolcnt=\count89
\@IEEEtmpitemindent=\dimen116
\c@IEEEbiography=\count90
\@IEEEtranrubishbin=\box26
) (/home/ofenerci/local/texlive/2009/texmf-dist/tex/latex/geometry/geometry.sty
Package: geometry 2010/07/13 v5.5 Page Geometry
(/home/ofenerci/local/texlive/2009/texmf-dist/tex/latex/graphics/keyval.sty
Package: keyval 1999/03/16 v1.13 key=value parser (DPC)
\KV@toks@=\toks15
)
(/home/ofenerci/local/texlive/2009/texmf-dist/tex/generic/oberdiek/ifpdf.sty
Package: ifpdf 2011/01/30 v2.3 Provides the ifpdf switch (HO)
Package ifpdf Info: pdfTeX in PDF mode is not detected.
)
(/home/ofenerci/local/texlive/2009/texmf-dist/tex/generic/oberdiek/ifvtex.sty
Package: ifvtex 2010/03/01 v1.5 Switches for detecting VTeX and its modes (HO)
Package ifvtex Info: VTeX not detected.
)
\Gm@cnth=\count91
\Gm@cntv=\count92
\c@Gm@tempcnt=\count93
\Gm@bindingoffset=\dimen117
\Gm@wd@mp=\dimen118
\Gm@odd@mp=\dimen119
\Gm@even@mp=\dimen120
\Gm@layoutwidth=\dimen121
\Gm@layoutheight=\dimen122
\Gm@layouthoffset=\dimen123
\Gm@layoutvoffset=\dimen124
\Gm@dimlist=\toks16
) (/home/ofenerci/local/texlive/2009/texmf-dist/tex/latex/StyleFiles/crmath.sty
Package: crmath 2011/03/29 v1.2 Math notation

(/home/ofenerci/local/texlive/2009/texmf-dist/tex/latex/amsfonts/amssymb.sty
Package: amssymb 2009/06/22 v3.00

(/home/ofenerci/local/texlive/2009/texmf-dist/tex/latex/amsfonts/amsfonts.sty
Package: amsfonts 2009/06/22 v3.00 Basic AMSFonts support
\@emptytoks=\toks17
\symAMSa=\mathgroup4
\symAMSb=\mathgroup5
LaTeX Font Info:    Overwriting math alphabet `\mathfrak' in version `bold'
(Font)                  U/euf/m/n --> U/euf/b/n on input line 96.
)) (/home/ofenerci/local/texlive/2009/texmf-dist/tex/latex/amsmath/amsmath.sty
Package: amsmath 2000/07/18 v2.13 AMS math features
\@mathmargin=\skip44

For additional information on amsmath, use the `?' option.
(/home/ofenerci/local/texlive/2009/texmf-dist/tex/latex/amsmath/amstext.sty
Package: amstext 2000/06/29 v2.01

(/home/ofenerci/local/texlive/2009/texmf-dist/tex/latex/amsmath/amsgen.sty
File: amsgen.sty 1999/11/30 v2.0
\@emptytoks=\toks18
\ex@=\dimen125
))
(/home/ofenerci/local/texlive/2009/texmf-dist/tex/latex/amsmath/amsbsy.sty
Package: amsbsy 1999/11/29 v1.2d
\pmbraise@=\dimen126
)
(/home/ofenerci/local/texlive/2009/texmf-dist/tex/latex/amsmath/amsopn.sty
Package: amsopn 1999/12/14 v2.01 operator names
)
\inf@bad=\count94
LaTeX Info: Redefining \frac on input line 211.
\uproot@=\count95
\leftroot@=\count96
LaTeX Info: Redefining \overline on input line 307.
\classnum@=\count97
\DOTSCASE@=\count98
LaTeX Info: Redefining \ldots on input line 379.
LaTeX Info: Redefining \dots on input line 382.
LaTeX Info: Redefining \cdots on input line 467.
\Mathstrutbox@=\box27
\strutbox@=\box28
\big@size=\dimen127
LaTeX Font Info:    Redeclaring font encoding OML on input line 567.
LaTeX Font Info:    Redeclaring font encoding OMS on input line 568.
\macc@depth=\count99
\c@MaxMatrixCols=\count100
\dotsspace@=\muskip10
\c@parentequation=\count101
\dspbrk@lvl=\count102
\tag@help=\toks19
\row@=\count103
\column@=\count104
\maxfields@=\count105
\andhelp@=\toks20
\eqnshift@=\dimen128
\alignsep@=\dimen129
\tagshift@=\dimen130
\tagwidth@=\dimen131
\totwidth@=\dimen132
\lineht@=\dimen133
\@envbody=\toks21
\multlinegap=\skip45
\multlinetaggap=\skip46
\mathdisplay@stack=\toks22
LaTeX Info: Redefining \[ on input line 2666.
LaTeX Info: Redefining \] on input line 2667.
)
(/home/ofenerci/local/texlive/2009/texmf-dist/tex/latex/base/ifthen.sty
Package: ifthen 2001/05/26 v1.1c Standard LaTeX ifthen package (DPC)
)
\symMnSyA=\mathgroup6
)
(/home/ofenerci/local/texlive/2009/texmf-dist/tex/latex/xkeyval/xkeyval.sty
Package: xkeyval 2008/08/13 v2.6a package option processing (HA)

(/home/ofenerci/local/texlive/2009/texmf-dist/tex/generic/xkeyval/xkeyval.tex
\XKV@toks=\toks23
\XKV@tempa@toks=\toks24
\XKV@depth=\count106
File: xkeyval.tex 2008/08/13 v2.6a key=value parser (HA)
)) (/home/ofenerci/local/texlive/2009/texmf-dist/tex/generic/babel/babel.sty
Package: babel 2008/07/06 v3.8l The Babel package

(/home/ofenerci/local/texlive/2009/texmf-dist/tex/generic/babel/turkish.ldf
Language: turkish 2005/03/31 v1.2m Turkish support from the babel system

(/home/ofenerci/local/texlive/2009/texmf-dist/tex/generic/babel/babel.def
File: babel.def 2008/07/06 v3.8l Babel common definitions
\babel@savecnt=\count107
\U@D=\dimen134
)
Package babel Info: Making : an active character on input line 86.
Package babel Info: Making ! an active character on input line 87.
Package babel Info: Making = an active character on input line 88.
))
(/home/ofenerci/local/texlive/2009/texmf-dist/tex/latex/base/inputenc.sty
Package: inputenc 2008/03/30 v1.1d Input encoding file
\inpenc@prehook=\toks25
\inpenc@posthook=\toks26

(/home/ofenerci/local/texlive/2009/texmf-dist/tex/latex/base/latin5.def
File: latin5.def 2008/03/30 v1.1d Input encoding file
))
(/home/ofenerci/local/texlive/2009/texmf-dist/tex/latex/base/fontenc.sty
Package: fontenc 2005/09/27 v1.99g Standard LaTeX package

(/home/ofenerci/local/texlive/2009/texmf-dist/tex/latex/base/t1enc.def
File: t1enc.def 2005/09/27 v1.99g Standard LaTeX file
LaTeX Font Info:    Redeclaring font encoding T1 on input line 43.
)
LaTeX Font Info:    Try loading font information for T1+ptm on input line 100.

(/home/ofenerci/local/texlive/2009/texmf-dist/tex/latex/psnfss/t1ptm.fd
File: t1ptm.fd 2001/06/04 font definitions for T1/ptm.
))
(/home/ofenerci/local/texlive/2009/texmf-dist/tex/latex/tools/enumerate.sty
Package: enumerate 1999/03/05 v3.00 enumerate extensions (DPC)
\@enLab=\toks27
)
(/home/ofenerci/local/texlive/2009/texmf-dist/tex/latex/amscls/amsthm.sty
Package: amsthm 2009/07/02 v2.20.1
\thm@style=\toks28
\thm@bodyfont=\toks29
\thm@headfont=\toks30
\thm@notefont=\toks31
\thm@headpunct=\toks32
\thm@preskip=\skip47
\thm@postskip=\skip48
\thm@headsep=\skip49
\dth@everypar=\toks33
)
(/home/ofenerci/local/texlive/2009/texmf-dist/tex/latex/tools/verbatim.sty
Package: verbatim 2003/08/22 v1.5q LaTeX2e package for verbatim enhancements
\every@verbatim=\toks34
\verbatim@line=\toks35
\verbatim@in@stream=\read1
)
(/home/ofenerci/local/texlive/2009/texmf-dist/tex/latex/picins/picins.sty
Option `picins' Version 3.0 Sep. 1992, TH Darmstadt/HRZ
\@BILD=\box29
\@TEXT=\box30
\d@breite=\dimen135
\d@hoehe=\dimen136
\d@xoff=\dimen137
\d@yoff=\dimen138
\d@shad=\dimen139
\d@dash=\dimen140
\d@boxl=\dimen141
\d@pichskip=\dimen142
\d@tmp=\dimen143
\d@tmpa=\dimen144
\d@bskip=\dimen145
\hsiz@=\dimen146
\p@getot@l=\dimen147
\c@breite=\count108
\c@hoehe=\count109
\c@xoff=\count110
\c@yoff=\count111
\c@pos=\count112
\c@shad=\count113
\c@dash=\count114
\c@boxl=\count115
\c@zeilen=\count116
\@changemode=\count117
\c@piccaption=\count118
\c@piccaptionpos=\count119
\c@picpos=\count120
\c@whole=\count121
\c@half=\count122
\c@tmp=\count123
\c@tmpa=\count124
\c@tmpb=\count125
\c@tmpc=\count126
\c@tmpd=\count127
\d@leftskip=\skip50
\ptoti=\dimen148
\ptotii=\dimen149
\env@box=\box31
\d@envdp=\dimen150
\c@hsize=\count128
\c@envdp=\count129
\d@envb=\dimen151
)
(/home/ofenerci/local/texlive/2009/texmf-dist/tex/latex/mdwtools/mdwlist.sty
Package: mdwlist 1996/05/02 1.1 Various list-related things
)
(/home/ofenerci/local/texlive/2009/texmf-dist/tex/latex/pxgreeks/pxgreeks.sty
Package: pxgreeks 2011/03/16 v1.0 shape selection for the PX fonts Greek letter
s

(/home/ofenerci/local/texlive/2009/texmf-dist/tex/latex/pxfonts/pxfonts.sty
Package: pxfonts 2008/01/22 v1.1.1
LaTeX Font Info:    Redeclaring symbol font `operators' on input line 21.
LaTeX Font Info:    Overwriting symbol font `operators' in version `normal'
(Font)                  OT1/cmr/m/n --> OT1/pxr/m/n on input line 21.
LaTeX Font Info:    Overwriting symbol font `operators' in version `bold'
(Font)                  OT1/cmr/bx/n --> OT1/pxr/m/n on input line 21.
LaTeX Font Info:    Overwriting symbol font `operators' in version `bold'
(Font)                  OT1/pxr/m/n --> OT1/pxr/bx/n on input line 22.
\symitalic=\mathgroup7
LaTeX Font Info:    Overwriting symbol font `italic' in version `bold'
(Font)                  OT1/pxr/m/it --> OT1/pxr/bx/it on input line 26.
LaTeX Font Info:    Redeclaring math alphabet \mathbf on input line 29.
LaTeX Font Info:    Overwriting math alphabet `\mathbf' in version `normal'
(Font)                  OT1/cmr/bx/n --> OT1/pxr/bx/n on input line 29.
LaTeX Font Info:    Overwriting math alphabet `\mathbf' in version `bold'
(Font)                  OT1/cmr/bx/n --> OT1/pxr/bx/n on input line 29.
LaTeX Font Info:    Redeclaring math alphabet \mathit on input line 30.
LaTeX Font Info:    Overwriting math alphabet `\mathit' in version `normal'
(Font)                  OT1/cmr/m/it --> OT1/pxr/m/it on input line 30.
LaTeX Font Info:    Overwriting math alphabet `\mathit' in version `bold'
(Font)                  OT1/cmr/bx/it --> OT1/pxr/m/it on input line 30.
LaTeX Font Info:    Overwriting math alphabet `\mathit' in version `bold'
(Font)                  OT1/pxr/m/it --> OT1/pxr/bx/it on input line 31.
LaTeX Font Info:    Redeclaring math alphabet \mathsf on input line 40.
LaTeX Font Info:    Overwriting math alphabet `\mathsf' in version `normal'
(Font)                  OT1/cmss/m/n --> OT1/pxss/m/n on input line 40.
LaTeX Font Info:    Overwriting math alphabet `\mathsf' in version `bold'
(Font)                  OT1/cmss/bx/n --> OT1/pxss/m/n on input line 40.
LaTeX Font Info:    Overwriting math alphabet `\mathsf' in version `bold'
(Font)                  OT1/pxss/m/n --> OT1/pxss/b/n on input line 41.
LaTeX Font Info:    Redeclaring math alphabet \mathtt on input line 50.
LaTeX Font Info:    Overwriting math alphabet `\mathtt' in version `normal'
(Font)                  OT1/cmtt/m/n --> OT1/pxtt/m/n on input line 50.
LaTeX Font Info:    Overwriting math alphabet `\mathtt' in version `bold'
(Font)                  OT1/cmtt/m/n --> OT1/pxtt/m/n on input line 50.
LaTeX Font Info:    Overwriting math alphabet `\mathtt' in version `bold'
(Font)                  OT1/pxtt/m/n --> OT1/pxtt/b/n on input line 51.
LaTeX Font Info:    Redeclaring symbol font `letters' on input line 58.
LaTeX Font Info:    Overwriting symbol font `letters' in version `normal'
(Font)                  OML/cmm/m/it --> OML/pxmi/m/it on input line 58.
LaTeX Font Info:    Overwriting symbol font `letters' in version `bold'
(Font)                  OML/cmm/b/it --> OML/pxmi/m/it on input line 58.
LaTeX Font Info:    Overwriting symbol font `letters' in version `bold'
(Font)                  OML/pxmi/m/it --> OML/pxmi/bx/it on input line 59.
\symlettersA=\mathgroup8
LaTeX Font Info:    Overwriting symbol font `lettersA' in version `bold'
(Font)                  U/pxmia/m/it --> U/pxmia/bx/it on input line 67.
LaTeX Font Info:    Redeclaring math alphabet \mathfrak on input line 70.
LaTeX Font Info:    Redeclaring symbol font `symbols' on input line 77.
LaTeX Font Info:    Overwriting symbol font `symbols' in version `normal'
(Font)                  OMS/cmsy/m/n --> OMS/pxsy/m/n on input line 77.
LaTeX Font Info:    Overwriting symbol font `symbols' in version `bold'
(Font)                  OMS/cmsy/b/n --> OMS/pxsy/m/n on input line 77.
LaTeX Font Info:    Overwriting symbol font `symbols' in version `bold'
(Font)                  OMS/pxsy/m/n --> OMS/pxsy/bx/n on input line 78.
LaTeX Font Info:    Redeclaring symbol font `AMSa' on input line 93.
LaTeX Font Info:    Overwriting symbol font `AMSa' in version `normal'
(Font)                  U/msa/m/n --> U/pxsya/m/n on input line 93.
LaTeX Font Info:    Overwriting symbol font `AMSa' in version `bold'
(Font)                  U/msa/m/n --> U/pxsya/m/n on input line 93.
LaTeX Font Info:    Overwriting symbol font `AMSa' in version `bold'
(Font)                  U/pxsya/m/n --> U/pxsya/bx/n on input line 94.
LaTeX Font Info:    Redeclaring symbol font `AMSb' on input line 102.
LaTeX Font Info:    Overwriting symbol font `AMSb' in version `normal'
(Font)                  U/msb/m/n --> U/pxsyb/m/n on input line 102.
LaTeX Font Info:    Overwriting symbol font `AMSb' in version `bold'
(Font)                  U/msb/m/n --> U/pxsyb/m/n on input line 102.
LaTeX Font Info:    Overwriting symbol font `AMSb' in version `bold'
(Font)                  U/pxsyb/m/n --> U/pxsyb/bx/n on input line 103.
\symsymbolsC=\mathgroup9
LaTeX Font Info:    Overwriting symbol font `symbolsC' in version `bold'
(Font)                  U/pxsyc/m/n --> U/pxsyc/bx/n on input line 113.
LaTeX Font Info:    Redeclaring symbol font `largesymbols' on input line 120.
LaTeX Font Info:    Overwriting symbol font `largesymbols' in version `normal'
(Font)                  OMX/cmex/m/n --> OMX/pxex/m/n on input line 120.
LaTeX Font Info:    Overwriting symbol font `largesymbols' in version `bold'
(Font)                  OMX/cmex/m/n --> OMX/pxex/m/n on input line 120.
LaTeX Font Info:    Overwriting symbol font `largesymbols' in version `bold'
(Font)                  OMX/pxex/m/n --> OMX/pxex/bx/n on input line 121.
\symlargesymbolsA=\mathgroup10
LaTeX Font Info:    Overwriting symbol font `largesymbolsA' in version `bold'
(Font)                  U/pxexa/m/n --> U/pxexa/bx/n on input line 129.
LaTeX Info: Redefining \not on input line 997.
LaTeX Info: Redefining \textsquare on input line 1017.
LaTeX Info: Redefining \openbox on input line 1018.
))
(/home/ofenerci/local/texlive/2009/../texmf-local/tex/latex/local/eqexam/eqexam
.sty
Package: eqexam 2011/05/19 v2.0j An Exam Construction Package (dps)

(/home/ofenerci/local/texlive/2009/../texmf-local/tex/latex/local/acrotex/web.c
fg)
(/home/ofenerci/local/texlive/2009/../texmf-local/tex/latex/local/eqexam/eqecus
.opt)
(/home/ofenerci/local/texlive/2009/texmf-dist/tex/latex/comment/comment.sty
\CommentStream=\write3

Excluding comment 'comment')
(/home/ofenerci/local/texlive/2009/texmf-dist/tex/latex/xcolor/xcolor.sty
Package: xcolor 2007/01/21 v2.11 LaTeX color extensions (UK)

(/home/ofenerci/local/texlive/2009/texmf-dist/tex/latex/latexconfig/color.cfg
File: color.cfg 2007/01/18 v1.5 color configuration of teTeX/TeXLive
)
Package xcolor Info: Package option `forscreen' ignored on input line 216.
Package xcolor Info: Driver file: dvips.def on input line 225.

(/home/ofenerci/local/texlive/2009/texmf-dist/tex/latex/graphics/dvips.def
File: dvips.def 1999/02/16 v3.0i Driver-dependant file (DPC,SPQR)
)
Package xcolor Info: Model `cmy' substituted by `cmy0' on input line 1337.
Package xcolor Info: Model `RGB' extended on input line 1353.
Package xcolor Info: Model `HTML' substituted by `rgb' on input line 1355.
Package xcolor Info: Model `Hsb' substituted by `hsb' on input line 1356.
Package xcolor Info: Model `tHsb' substituted by `hsb' on input line 1357.
Package xcolor Info: Model `HSB' substituted by `hsb' on input line 1358.
Package xcolor Info: Model `Gray' substituted by `gray' on input line 1359.
Package xcolor Info: Model `wave' substituted by `hsb' on input line 1360.
)
(/home/ofenerci/local/texlive/2009/texmf-dist/tex/latex/tools/calc.sty
Package: calc 2007/08/22 v4.3 Infix arithmetic (KKT,FJ)
\calc@Acount=\count130
\calc@Bcount=\count131
\calc@Adimen=\dimen152
\calc@Bdimen=\dimen153
\calc@Askip=\skip51
\calc@Bskip=\skip52
LaTeX Info: Redefining \setlength on input line 76.
LaTeX Info: Redefining \addtolength on input line 77.
\calc@Ccount=\count132
\calc@Cskip=\skip53
)
(/home/ofenerci/local/texlive/2009/texmf-dist/tex/latex/psnfss/pifont.sty
Package: pifont 2005/04/12 PSNFSS-v9.2a Pi font support (SPQR) 
LaTeX Font Info:    Try loading font information for U+pzd on input line 63.

(/home/ofenerci/local/texlive/2009/texmf-dist/tex/latex/psnfss/upzd.fd
File: upzd.fd 2001/06/04 font definitions for U/pzd.
)
LaTeX Font Info:    Try loading font information for U+psy on input line 64.

(/home/ofenerci/local/texlive/2009/texmf-dist/tex/latex/psnfss/upsy.fd
File: upsy.fd 2001/06/04 font definitions for U/psy.
))
(/home/ofenerci/local/texlive/2009/texmf-dist/tex/latex/tools/multicol.sty
Package: multicol 2008/12/05 v1.6h multicolumn formatting (FMi)
\c@tracingmulticols=\count133
\mult@box=\box32
\multicol@leftmargin=\dimen154
\c@unbalance=\count134
\c@collectmore=\count135
\doublecol@number=\count136
\multicoltolerance=\count137
\multicolpretolerance=\count138
\full@width=\dimen155
\page@free=\dimen156
\premulticols=\dimen157
\postmulticols=\dimen158
\multicolsep=\skip54
\multicolbaselineskip=\skip55
\partial@page=\box33
\last@line=\box34
\mult@rightbox=\box35
\mult@grightbox=\box36
\mult@gfirstbox=\box37
\mult@firstbox=\box38
\@tempa=\box39
\@tempa=\box40
\@tempa=\box41
\@tempa=\box42
\@tempa=\box43
\@tempa=\box44
\@tempa=\box45
\@tempa=\box46
\@tempa=\box47
\@tempa=\box48
\@tempa=\box49
\@tempa=\box50
\@tempa=\box51
\@tempa=\box52
\@tempa=\box53
\@tempa=\box54
\@tempa=\box55
\c@columnbadness=\count139
\c@finalcolumnbadness=\count140
\last@try=\dimen159
\multicolovershoot=\dimen160
\multicolundershoot=\dimen161
\mult@nat@firstbox=\box56
\colbreak@box=\box57
)
LaTeX Font Info:    Try loading font information for T1+pxr on input line 218.

(/home/ofenerci/local/texlive/2009/texmf-dist/tex/latex/pxfonts/t1pxr.fd
File: t1pxr.fd 2000/12/14 v1.0
)
\c@eqpointsofar=\count141
\c@eqpointsthispage=\count142
\c@eq@numparts=\count143
\c@eq@count=\count144
\partNames=\toks36
\eq@tmplengthA=\skip56
\eq@pointbox=\box58
\eq@pointboxtotalheight=\skip57
\eqetmplengtha=\skip58
\eqetmplengthb=\skip59
\eqtemptokena=\toks37
\eqtemptokenb=\toks38

(/home/ofenerci/local/texlive/2009/../texmf-local/tex/latex/local/eqexam/eqalon
e.def
\eq@tmpbox=\box59
\eq@tmpdima=\dimen162
\eqcenterWidget=\dimen163
)
(/home/ofenerci/local/texlive/2009/../texmf-local/tex/latex/local/acrotex/eqexa
m.def
\ex@solns=\write4
\openout4 = `sorular1.sol'.

\eq@xrefdefns=\write5
\openout5 = `sorular1_xdefs.cut'.

\quiz@solns=\write6
\openout6 = `sorular1.qsl'.

\c@eqexno=\count145
\c@@exno=\count146
\c@quizno=\count147
\c@eqpointvalue=\count148
\eq@tmplength=\skip60
\c@eqquestionnoi=\count149
\c@eqquestionnoii=\count150
\c@eqquestionnoiii=\count151
\@eqquestiondepth=\count152
\c@questionno=\count153
\c@partno=\count154
\aboveanswersSkip=\skip61
\eq@tabColCnt=\count155
)
LaTeX Font Info:    Try loading font information for OT1+pxr on input line 1032
.

(/home/ofenerci/local/texlive/2009/texmf-dist/tex/latex/pxfonts/ot1pxr.fd
File: ot1pxr.fd 2000/12/14 v1.0
)
LaTeX Font Info:    Try loading font information for OML+pxmi on input line 103
2.

(/home/ofenerci/local/texlive/2009/texmf-dist/tex/latex/pxfonts/omlpxmi.fd
File: omlpxmi.fd 2000/12/14 v1.0
)
LaTeX Font Info:    Try loading font information for OMS+pxsy on input line 103
2.

(/home/ofenerci/local/texlive/2009/texmf-dist/tex/latex/pxfonts/omspxsy.fd
File: omspxsy.fd 2000/12/14 v1.0
)
LaTeX Font Info:    Try loading font information for OMX+pxex on input line 103
2.

(/home/ofenerci/local/texlive/2009/texmf-dist/tex/latex/pxfonts/omxpxex.fd
File: omxpxex.fd 2000/12/14 v1.0
)
LaTeX Font Info:    Try loading font information for U+pxsya on input line 1032
.

(/home/ofenerci/local/texlive/2009/texmf-dist/tex/latex/pxfonts/upxsya.fd
File: upxsya.fd 2000/12/14 v1.0
)
LaTeX Font Info:    Try loading font information for U+pxsyb on input line 1032
.

(/home/ofenerci/local/texlive/2009/texmf-dist/tex/latex/pxfonts/upxsyb.fd
File: utxsyb.fd 2000/12/14 v1.0
)
LaTeX Font Info:    Try loading font information for U+pxmia on input line 1032
.

(/home/ofenerci/local/texlive/2009/texmf-dist/tex/latex/pxfonts/upxmia.fd
File: upxmia.fd 2000/12/14 v1.0
)
LaTeX Font Info:    Try loading font information for U+pxsyc on input line 1032
.

(/home/ofenerci/local/texlive/2009/texmf-dist/tex/latex/pxfonts/upxsyc.fd
File: upxsyc.fd 2000/12/14 v1.0
)
LaTeX Font Info:    Try loading font information for U+pxexa on input line 1032
.

(/home/ofenerci/local/texlive/2009/texmf-dist/tex/latex/pxfonts/upxexa.fd
File: upxexa.fd 2000/12/14 v1.0
)
\c@markerCnt=\count156
\workareasb=\box60
\eqpanelbox=\box61
\c@panel@cnt=\count157
\panel@write=\write7
\c@backofpage=\count158
)
(/home/ofenerci/local/texlive/2009/texmf-dist/tex/latex/siunitx/siunitx.sty
(/home/ofenerci/local/texlive/2009/texmf-dist/tex/latex/expl3/expl3.sty
(/home/ofenerci/local/texlive/2009/texmf-dist/tex/latex/expl3/l3names.sty
Package: l3names 2011/01/08 v2122 L3 Experimental Naming Scheme for TeX Primiti
ves
)
Package: expl3 2011/04/09 v2222 L3 Experimental code bundle wrapper

(/home/ofenerci/local/texlive/2009/texmf-dist/tex/latex/etex-pkg/etex.sty
Package: etex 1998/03/26 v2.0 eTeX basic definition package (PEB)
\et@xins=\count159
)
(/home/ofenerci/local/texlive/2009/texmf-dist/tex/latex/expl3/l3basics.sty
Package: l3basics 2011/04/23 v2246 L3 Experimental basic definitions
)
(/home/ofenerci/local/texlive/2009/texmf-dist/tex/latex/expl3/l3expan.sty
Package: l3expan 2011/04/09 v2223 L3 Experimental Argument Expansion module
)
(/home/ofenerci/local/texlive/2009/texmf-dist/tex/latex/expl3/l3tl.sty
Package: l3tl 2011/04/09 v2223 L3 Experimental Token Lists
)
(/home/ofenerci/local/texlive/2009/texmf-dist/tex/latex/expl3/l3int.sty
Package: l3int 2011/04/11 v2229 L3 Experimental Integer module
\l_tmpa_int=\count160
\l_tmpb_int=\count161
\l_tmpc_int=\count162
\g_tmpa_int=\count163
\g_tmpb_int=\count164
\c_max_int=\count165
\g_tl_inline_level_int=\count166
\g_prg_inline_level_int=\count167
)
(/home/ofenerci/local/texlive/2009/texmf-dist/tex/latex/expl3/l3quark.sty
Package: l3quark 2011/04/14 v2234 L3 Experimental Quark Commands
)
(/home/ofenerci/local/texlive/2009/texmf-dist/tex/latex/expl3/l3seq.sty
Package: l3seq 2011/04/21 v2245 The LaTeX3 kernel: sequences and stacks
\g_seq_nesting_depth_int=\count168
)
(/home/ofenerci/local/texlive/2009/texmf-dist/tex/latex/expl3/l3toks.sty
Package: l3toks 2011/04/09 v2223 L3 Experimental Token Registers
\l_tmpb_toks=\toks39
\l_tmpc_toks=\toks40
\g_tmpa_toks=\toks41
\g_tmpb_toks=\toks42
\g_tmpc_toks=\toks43
\c_empty_toks=\toks44
\l_tl_replace_toks=\toks45
)
(/home/ofenerci/local/texlive/2009/texmf-dist/tex/latex/expl3/l3prg.sty
Package: l3prg 2011/04/09 v2223 L3 Experimental control structures
)
(/home/ofenerci/local/texlive/2009/texmf-dist/tex/latex/expl3/l3clist.sty
Package: l3clist 2011/04/09 v2223 L3 Experimental comma separated lists
\g_clist_map_inline_int=\count169
)
(/home/ofenerci/local/texlive/2009/texmf-dist/tex/latex/expl3/l3token.sty
Package: l3token 2011/04/09 v2223 L3 Experimental token investigation and manip
ulation
)
(/home/ofenerci/local/texlive/2009/texmf-dist/tex/latex/expl3/l3prop.sty
Package: l3prop 2011/04/09 v2223 L3 Experimental Property Lists
\g_prop_inline_level_int=\count170
)
(/home/ofenerci/local/texlive/2009/texmf-dist/tex/latex/expl3/l3msg.sty
Package: l3msg 2010/10/02 v2052 L3 Experimental LaTeX Messages module
\l_msg_redirect_classes_prop=\toks46
\l_msg_redirect_names_prop=\toks47
\l_msg_redirect_fatal_prop=\toks48
\l_msg_redirect_error_prop=\toks49
\l_msg_redirect_warning_prop=\toks50
\l_msg_redirect_info_prop=\toks51
\l_msg_redirect_log_prop=\toks52
\l_msg_redirect_trace_prop=\toks53
\l_msg_redirect_none_prop=\toks54
)
(/home/ofenerci/local/texlive/2009/texmf-dist/tex/latex/expl3/l3io.sty
Package: l3io 2010/10/03 v2063 L3 Experimental i/o module
\g_iow_streams_prop=\toks55
\g_ior_streams_prop=\toks56
\l_iow_stream_int=\count171
)
(/home/ofenerci/local/texlive/2009/texmf-dist/tex/latex/expl3/l3skip.sty
Package: l3skip 2011/02/15 v2149 L3 Experimental skip registers
\l_tmpa_skip=\skip62
\l_tmpb_skip=\skip63
\l_tmpc_skip=\skip64
\g_tmpa_skip=\skip65
\g_tmpb_skip=\skip66
\l_tmpa_dim=\dimen164
\l_tmpb_dim=\dimen165
\l_tmpc_dim=\dimen166
\l_tmpd_dim=\dimen167
\g_tmpa_dim=\dimen168
\g_tmpb_dim=\dimen169
)
(/home/ofenerci/local/texlive/2009/texmf-dist/tex/latex/expl3/l3box.sty
Package: l3box 2011/04/09 v2223 L3 Experimental Box module
\l_tmpb_box=\box62
)
(/home/ofenerci/local/texlive/2009/texmf-dist/tex/latex/expl3/l3keyval.sty
Package: l3keyval 2011/04/09 v2223 L3 Experimental keyval processing
\l_KV_level_int=\count172
)
(/home/ofenerci/local/texlive/2009/texmf-dist/tex/latex/expl3/l3keys.sty
Package: l3keys 2010/11/11 v2082 L3 Experimental key-value support
\l_keys_choice_int=\count173
)
(/home/ofenerci/local/texlive/2009/texmf-dist/tex/latex/expl3/l3precom.sty
Package: l3precom 2011/04/09 v2223 L3 Experimental precompilation module
\g_gen_sym_int=\count174
\g_ggen_sym_int=\count175
)
(/home/ofenerci/local/texlive/2009/texmf-dist/tex/latex/expl3/l3xref.sty
Package: l3xref 2011/04/09 v2223 L3 Experimental cross referencing
\g_xref_all_curr_immediate_fields_prop=\toks57
\g_xref_all_curr_deferred_fields_prop=\toks58
)
(/home/ofenerci/local/texlive/2009/texmf-dist/tex/latex/expl3/l3file.sty
Package: l3file 2011/04/21 v2242 The LaTeX3 kernel: file operations
)
(/home/ofenerci/local/texlive/2009/texmf-dist/tex/latex/expl3/l3fp.sty
Package: l3fp 2011/03/19 v2201 L3 Experimental floating-point operations
\c_one_million=\count176
\c_one_hundred_million=\count177
\c_five_hundred_million=\count178
\c_one_thousand_million=\count179
\c_fp_pi_by_four_decimal_int=\count180
\c_fp_pi_by_four_extended_int=\count181
\c_fp_pi_decimal_int=\count182
\c_fp_pi_extended_int=\count183
\c_fp_two_pi_decimal_int=\count184
\c_fp_two_pi_extended_int=\count185
\l_fp_count_int=\count186
\l_fp_div_offset_int=\count187
\l_fp_exp_integer_int=\count188
\l_fp_exp_decimal_int=\count189
\l_fp_exp_extended_int=\count190
\l_fp_exp_exponent_int=\count191
\l_fp_input_a_sign_int=\count192
\l_fp_input_a_integer_int=\count193
\l_fp_input_a_decimal_int=\count194
\l_fp_input_a_exponent_int=\count195
\l_fp_input_b_sign_int=\count196
\l_fp_input_b_integer_int=\count197
\l_fp_input_b_decimal_int=\count198
\l_fp_input_b_exponent_int=\count199
\l_fp_input_a_extended_int=\count200
\l_fp_input_b_extended_int=\count201
Normal \count register pool exhausted, switching to extended pool.
\l_fp_mul_a_i_int=\count277
\l_fp_mul_a_ii_int=\count278
\l_fp_mul_a_iii_int=\count279
\l_fp_mul_a_iv_int=\count280
\l_fp_mul_a_v_int=\count281
\l_fp_mul_a_vi_int=\count282
\l_fp_mul_b_i_int=\count283
\l_fp_mul_b_ii_int=\count284
\l_fp_mul_b_iii_int=\count285
\l_fp_mul_b_iv_int=\count286
\l_fp_mul_b_v_int=\count287
\l_fp_mul_b_vi_int=\count288
\l_fp_mul_output_int=\count289
\l_fp_output_sign_int=\count290
\l_fp_output_integer_int=\count291
\l_fp_output_decimal_int=\count292
\l_fp_output_exponent_int=\count293
\l_fp_output_extended_int=\count294
\l_fp_round_position_int=\count295
\l_fp_round_target_int=\count296
\l_fp_split_sign_int=\count297
\l_fp_tmp_int=\count298
\l_fp_trig_octant_int=\count299
\l_fp_trig_sign_int=\count300
\l_fp_trig_decimal_int=\count301
\l_fp_trig_extended_int=\count302
\l_fp_tmp_dim=\dimen170
\l_fp_tmp_skip=\skip67
)
(/home/ofenerci/local/texlive/2009/texmf-dist/tex/latex/expl3/l3luatex.sty
Package: l3luatex 2010/07/18 v1985 L3 Experimental LuaTeX functions
\g_cctab_allocate_int=\count303
\g_cctab_stack_int=\count304
))
Package: siunitx 2011/06/15 v2.2i A comprehensive (SI) units package

(/home/ofenerci/local/texlive/2009/texmf-dist/tex/latex/xpackages/xbase/xparse.
sty
Package: xparse 2011/04/08 v2219 Generic document command parser
\c_xparse_shorthands_prop=\toks59
\l_xparse_m_args_int=\count305
\l_xparse_mandatory_args_int=\count306
\l_xparse_processor_int=\count307
\l_xparse_total_args_int=\count308
) (/home/ofenerci/local/texlive/2009/texmf-dist/tex/latex/tools/array.sty
Package: array 2008/09/09 v2.4c Tabular extension package (FMi)
\col@sep=\dimen171
\extrarowheight=\dimen172
\NC@list=\toks60
\extratabsurround=\skip68
\backup@length=\skip69
)
(/home/ofenerci/local/texlive/2009/texmf-dist/tex/latex/xpackages/xtras/l3keys2
e.sty
Package: l3keys2e 2011/05/06 v2320 Parsing LaTeX3 keyvals as LaTeX2e package op
tions
)
\l_siunitx_tmp_box=\box63
\l_siunitx_tmp_int=\count309
\l_siunitx_number_in_prop=\toks61
\l_siunitx_number_mantissa_length_int=\count310
\l_siunitx_number_uncert_length_int=\count311
\l_siunitx_round_int=\count312
\l_siunitx_process_decimal_int=\count313
\l_siunitx_process_uncertainty_int=\count314
\l_siunitx_process_fixed_int=\count315
\l_siunitx_process_integer_min_int=\count316
\l_siunitx_process_precision_int=\count317
\l_siunitx_number_out_prop=\toks62
\l_siunitx_angle_marker_box=\box64
\l_siunitx_angle_unit_box=\box65
\l_siunitx_angle_marker_dim=\dimen173
\l_siunitx_angle_unit_dim=\dimen174
\l_siunitx_angle_degree_prop=\toks63
\l_siunitx_angle_minute_prop=\toks64
\l_siunitx_angle_second_prop=\toks65
\l_siunitx_unit_int=\count318
\l_siunitx_unit_prop=\toks66
\l_siunitx_unit_denominator_int=\count319
\l_siunitx_unit_numerator_int=\count320
\l_siunitx_unit_prefix_int=\count321
\l_siunitx_unit_prefix_base_int=\count322
\l_siunitx_unit_prefix_gram_int=\count323
\l_siunitx_number_product_int=\count324
\c_siunitx_one_fill_skip=\skip70
\l_siunitx_table_unit_align_skip=\skip71
\l_siunitx_table_fill_box=\box66
\l_siunitx_table_fill_dim=\dimen175
\l_siunitx_table_pre_box=\box67
\l_siunitx_table_post_box=\box68
\l_siunitx_table_result_box=\box69
\l_siunitx_table_comparator_dim=\dimen176
\l_siunitx_table_decimal_dim=\dimen177
\l_siunitx_table_exponent_dim=\dimen178
\l_siunitx_table_integer_dim=\dimen179
\l_siunitx_table_mantissa_dim=\dimen180
\l_siunitx_table_marker_dim=\dimen181
\l_siunitx_table_result_dim=\dimen182
\l_siunitx_table_uncert_dim=\dimen183
\l_siunitx_table_gap_dim=\dimen184
\l_siunitx_table_model_prop=\toks67
\l_siunitx_table_space_dim=\dimen185
\l_siunitx_table_number_align_skip=\skip72
\l_siunitx_table_text_align_skip=\skip73
\l_siunitx_table_decimal_int=\count325
\l_siunitx_table_exponent_int=\count326
\l_siunitx_table_integer_int=\count327
\l_siunitx_table_uncert_int=\count328
 LaTeX info: Defining document command \DeclareBinaryPrefix
(LaTeX)  with arg. spec. 'mmm' on line 6794.

 LaTeX info: Defining document command \DeclareSIPostPower
(LaTeX)  with arg. spec. 'mm' on line 6797.

 LaTeX info: Defining document command \DeclareSIPrefix
(LaTeX)  with arg. spec. 'mmm' on line 6800.

 LaTeX info: Defining document command \DeclareSIPrePower
(LaTeX)  with arg. spec. 'mm' on line 6803.

 LaTeX info: Defining document command \DeclareSIQualifier
(LaTeX)  with arg. spec. 'mm' on line 6806.

 LaTeX info: Defining document command \DeclareSIUnit
(LaTeX)  with arg. spec. 'O{}mm' on line 6809.

 LaTeX info: Defining document command \DeclareSIUnitWithOptions
(LaTeX)  with arg. spec. 'mmm' on line 6812.

 LaTeX info: Defining document command \ang
(LaTeX)  with arg. spec. 'o>{\SplitArgument {2}{;}}m' on line 6827.

 LaTeX info: Defining document command \num
(LaTeX)  with arg. spec. 'om' on line 6834.

 LaTeX info: Defining document command \numlist
(LaTeX)  with arg. spec. 'o>{\SplitList {;}}m' on line 6841.

 LaTeX info: Defining document command \numrange
(LaTeX)  with arg. spec. 'omm' on line 6848.

 LaTeX info: Defining document command \SIlist
(LaTeX)  with arg. spec. 'o>{\SplitList {;}}mm' on line 6858.

 LaTeX info: Defining document command \SIrange
(LaTeX)  with arg. spec. 'ommm' on line 6868.

 LaTeX info: Defining document command \SI
(LaTeX)  with arg. spec. 'omom' on line 6878.

 LaTeX info: Defining document command \sisetup
(LaTeX)  with arg. spec. 'm' on line 6881.

 LaTeX info: Defining document command \tablenum
(LaTeX)  with arg. spec. 'om' on line 6892.

 LaTeX info: Defining document command \si
(LaTeX)  with arg. spec. 'om' on line 6902.

 LaTeX info: Defining document command \siunitx_bookmark_num:w
(LaTeX)  with arg. spec. 'om' on line 6939.

 LaTeX info: Defining document command \siunitx_bookmark_numrange:w
(LaTeX)  with arg. spec. 'omm' on line 6941.

 LaTeX info: Defining document command \siunitx_bookmark_SI:w
(LaTeX)  with arg. spec. 'omom' on line 6943.

 LaTeX info: Defining document command \siunitx_bookmark_SIlist:w
(LaTeX)  with arg. spec. 'omm' on line 6945.

 LaTeX info: Defining document command \siunitx_bookmark_SIrange:w
(LaTeX)  with arg. spec. 'ommm' on line 6947.

 LaTeX info: Defining document command \siunitx_bookmark_si:w
(LaTeX)  with arg. spec. 'om' on line 6948.

\g_ior_tmp_stream=\read2

(/home/ofenerci/local/texlive/2009/texmf-dist/tex/latex/beamer/translator/trans
lator.sty
Package: translator 2010/06/12 ver 1.10

(/home/ofenerci/local/texlive/2009/texmf-dist/tex/latex/beamer/translator/trans
lator-language-mappings.tex)))
(/home/ofenerci/local/texlive/2009/texmf-dist/tex/generic/oberdiek/kvsetkeys.st
y
Package: kvsetkeys 2011/04/07 v1.13 Key value parser (HO)

(/home/ofenerci/local/texlive/2009/texmf-dist/tex/generic/oberdiek/infwarerr.st
y
Package: infwarerr 2010/04/08 v1.3 Providing info/warning/message (HO)
)
(/home/ofenerci/local/texlive/2009/texmf-dist/tex/generic/oberdiek/etexcmds.sty
Package: etexcmds 2011/02/16 v1.5 Prefix for e-TeX command names (HO)

(/home/ofenerci/local/texlive/2009/texmf-dist/tex/generic/oberdiek/ifluatex.sty
Package: ifluatex 2010/03/01 v1.3 Provides the ifluatex switch (HO)
Package ifluatex Info: LuaTeX not detected.
)
Package etexcmds Info: Could not find \expanded.
(etexcmds)             That can mean that you are not using pdfTeX 1.50 or
(etexcmds)             that some package has redefined \expanded.
(etexcmds)             In the latter case, load this package earlier.
))
(/home/ofenerci/local/texlive/2009/texmf-dist/tex/latex/graphics/graphicx.sty
Package: graphicx 1999/02/16 v1.0f Enhanced LaTeX Graphics (DPC,SPQR)

(/home/ofenerci/local/texlive/2009/texmf-dist/tex/latex/graphics/graphics.sty
Package: graphics 2009/02/05 v1.0o Standard LaTeX Graphics (DPC,SPQR)

(/home/ofenerci/local/texlive/2009/texmf-dist/tex/latex/graphics/trig.sty
Package: trig 1999/03/16 v1.09 sin cos tan (DPC)
)
(/home/ofenerci/local/texlive/2009/texmf-dist/tex/latex/latexconfig/graphics.cf
g
File: graphics.cfg 2010/04/23 v1.9 graphics configuration of TeX Live
)
Package graphics Info: Driver file: dvips.def on input line 91.
)
\Gin@req@height=\dimen186
\Gin@req@width=\dimen187
) (/home/ofenerci/local/texlive/2009/texmf-dist/tex/latex/tools/tabularx.sty
Package: tabularx 1999/01/07 v2.07 `tabularx' package (DPC)
\TX@col@width=\dimen188
\TX@old@table=\dimen189
\TX@old@col=\dimen190
\TX@target=\dimen191
\TX@delta=\dimen192
\TX@cols=\count329
\TX@ftn=\toks68
) (/home/ofenerci/local/texlive/2009/texmf-dist/tex/latex/textcase/textcase.sty
Package: textcase 2004/10/07 v0.07 Text only upper/lower case changing (DPC)
) (./sorular1.aux)
\openout1 = `sorular1.aux'.

LaTeX Font Info:    Checking defaults for OML/pxmi/m/it on input line 93.
LaTeX Font Info:    ... okay on input line 93.
LaTeX Font Info:    Checking defaults for T1/cmr/m/n on input line 93.
LaTeX Font Info:    ... okay on input line 93.
LaTeX Font Info:    Checking defaults for OT1/cmr/m/n on input line 93.
LaTeX Font Info:    ... okay on input line 93.
LaTeX Font Info:    Checking defaults for OMS/pxsy/m/n on input line 93.
LaTeX Font Info:    ... okay on input line 93.
LaTeX Font Info:    Checking defaults for OMX/pxex/m/n on input line 93.
LaTeX Font Info:    ... okay on input line 93.
LaTeX Font Info:    Checking defaults for U/pxexa/m/n on input line 93.
LaTeX Font Info:    ... okay on input line 93.

*geometry* driver: auto-detecting
*geometry* detected driver: dvips
*geometry* verbose mode - [ preamble ] result:
* driver: dvips
* paper: a4paper
* layout: <same size as paper>
* layoutoffset:(h,v)=(0.0pt,0.0pt)
* modes: 
* h-part:(L,W,R)=(89.62709pt, 418.25368pt, 89.6271pt)
* v-part:(T,H,B)=(101.40665pt, 591.5302pt, 152.11pt)
* \paperwidth=597.50787pt
* \paperheight=845.04684pt
* \textwidth=434.96788pt
* \textheight=693.64185pt
* \oddsidemargin=18.0pt
* \evensidemargin=0.0pt
* \topmargin=-36.135pt
* \headheight=12.0pt
* \headsep=20.0pt
* \topskip=13.92pt
* \footskip=11.0pt
* \marginparwidth=35.0pt
* \marginparsep=11.0pt
* \columnsep=50.0pt
* \skip\footins=18.79185pt plus 8.35187pt minus 4.17593pt
* \hoffset=0.0pt
* \voffset=0.0pt
* \mag=1000
* \@twocolumnfalse
* \@twosidefalse
* \@mparswitchfalse
* \@reversemarginfalse
* (1in=72.27pt=25.4mm, 1cm=28.453pt)


(/home/ofenerci/local/texlive/2009/texmf-dist/tex/latex/beamer/translator/dicts
/translator-basic-dictionary/translator-basic-dictionary-English.dict
Dictionary: translator-basic-dictionary, Language: English 
)
\c_siunitx_mathsf_int=\count330
LaTeX Font Info:    Try loading font information for OT1+pxss on input line 93.


(/home/ofenerci/local/texlive/2009/texmf-dist/tex/latex/pxfonts/ot1pxss.fd
File: ot1pxss.fd 2000/12/14 v1.0
)
\c_siunitx_mathtt_int=\count331
LaTeX Font Info:    Try loading font information for OT1+pxtt on input line 93.


(/home/ofenerci/local/texlive/2009/texmf-dist/tex/latex/pxfonts/ot1pxtt.fd
File: ot1pxtt.fd 2000/12/14 v1.0
)
LaTeX Font Info:    Calculating math sizes for size <17> on input line 101.
LaTeX Font Info:    Try loading font information for TS1+pxr on input line 116.


(/home/ofenerci/local/texlive/2009/texmf-dist/tex/latex/pxfonts/ts1pxr.fd
File: ts1pxr.fd 2000/12/14 v1.0
)
[1] (./sorular1.aux) ) 
Here is how much of TeX's memory you used:
 13444 strings out of 494762
 254839 string characters out of 3169618
 261173 words of memory out of 2000000
 16389 multiletter control sequences out of 15000+200000
 110500 words of font info for 237 fonts, out of 3000000 for 9000
 134 hyphenation exceptions out of 8191
 38i,13n,37p,294b,512s stack positions out of 5000i,500n,10000p,200000b,50000s

Output written on sorular1.dvi (1 page, 2744 bytes).
